This is pdfTeX, Version 3.1415926-2.4-1.40.13 (MiKTeX 2.9) (preloaded format=pdflatex 2013.10.14)  16 OCT 2013 15:57
entering extended mode
**tareaayudantia.tex

("C:\Users\Yo elijo mi pc\Documents\GitHub\LaTeX\Tarea1Ayudantia\tareaayudantia
.tex"
LaTeX2e <2011/06/27>
Babel <v3.8m> and hyphenation patterns for english, afrikaans, ancientgreek, ar
abic, armenian, assamese, basque, bengali, bokmal, bulgarian, catalan, coptic, 
croatian, czech, danish, dutch, esperanto, estonian, farsi, finnish, french, ga
lician, german, german-x-2012-05-30, greek, gujarati, hindi, hungarian, iceland
ic, indonesian, interlingua, irish, italian, kannada, kurmanji, latin, latvian,
 lithuanian, malayalam, marathi, mongolian, mongolianlmc, monogreek, ngerman, n
german-x-2012-05-30, nynorsk, oriya, panjabi, pinyin, polish, portuguese, roman
ian, russian, sanskrit, serbian, slovak, slovenian, spanish, swedish, swissgerm
an, tamil, telugu, turkish, turkmen, ukenglish, ukrainian, uppersorbian, usengl
ishmax, welsh, loaded.
("C:\Program Files\MiKTeX 2.9\tex\latex\base\report.cls"
Document Class: report 2007/10/19 v1.4h Standard LaTeX document class
("C:\Program Files\MiKTeX 2.9\tex\latex\base\size10.clo"
File: size10.clo 2007/10/19 v1.4h Standard LaTeX file (size option)
)
\c@part=\count79
\c@chapter=\count80
\c@section=\count81
\c@subsection=\count82
\c@subsubsection=\count83
\c@paragraph=\count84
\c@subparagraph=\count85
\c@figure=\count86
\c@table=\count87
\abovecaptionskip=\skip41
\belowcaptionskip=\skip42
\bibindent=\dimen102
)
("C:\Program Files\MiKTeX 2.9\tex\latex\base\inputenc.sty"
Package: inputenc 2008/03/30 v1.1d Input encoding file
\inpenc@prehook=\toks14
\inpenc@posthook=\toks15

("C:\Program Files\MiKTeX 2.9\tex\latex\base\latin1.def"
File: latin1.def 2008/03/30 v1.1d Input encoding file
))
("C:\Program Files\MiKTeX 2.9\tex\generic\babel\babel.sty"
Package: babel 2008/07/08 v3.8m The Babel package

*************************************
* Local config file bblopts.cfg used
*
("C:\Program Files\MiKTeX 2.9\tex\latex\00miktex\bblopts.cfg"
File: bblopts.cfg 2006/07/31 v1.0 MiKTeX 'babel' configuration
)
("C:\Program Files\MiKTeX 2.9\tex\generic\babel\spanish.ldf"
Language: spanish.ldf 2009/01/02 v5.0h Spanish support from the babel system

("C:\Program Files\MiKTeX 2.9\tex\generic\babel\babel.def"
File: babel.def 2008/07/08 v3.8m Babel common definitions
\babel@savecnt=\count88
\U@D=\dimen103
)
\es@datefmt=\count89
\es@quottoks=\toks16
\es@quotdepth=\count90
Package babel Info: Making " an active character on input line 492.
Package babel Info: Making . an active character on input line 585.
Package babel Info: Making < an active character on input line 630.
Package babel Info: Making > an active character on input line 630.
))
("C:\Program Files\MiKTeX 2.9\tex\latex\base\fontenc.sty"
Package: fontenc 2005/09/27 v1.99g Standard LaTeX package

("C:\Program Files\MiKTeX 2.9\tex\latex\base\t1enc.def"
File: t1enc.def 2005/09/27 v1.99g Standard LaTeX file
LaTeX Font Info:    Redeclaring font encoding T1 on input line 43.
))
("C:\Users\Yo elijo mi pc\Documents\GitHub\LaTeX\Tarea1Ayudantia\tareaayudantia
.aux" ("C:\Users\Yo elijo mi pc\Documents\GitHub\LaTeX\Tarea1Ayudantia\agil.aux
") ("C:\Users\Yo elijo mi pc\Documents\GitHub\LaTeX\Tarea1Ayudantia\tarea.aux")

("C:\Users\Yo elijo mi pc\Documents\GitHub\LaTeX\Tarea1Ayudantia\CuadroComparat
ivo.aux"))
LaTeX Font Info:    Checking defaults for OML/cmm/m/it on input line 7.
LaTeX Font Info:    ... okay on input line 7.
LaTeX Font Info:    Checking defaults for T1/cmr/m/n on input line 7.
LaTeX Font Info:    ... okay on input line 7.
LaTeX Font Info:    Checking defaults for OT1/cmr/m/n on input line 7.
LaTeX Font Info:    ... okay on input line 7.
LaTeX Font Info:    Checking defaults for OMS/cmsy/m/n on input line 7.
LaTeX Font Info:    ... okay on input line 7.
LaTeX Font Info:    Checking defaults for OMX/cmex/m/n on input line 7.
LaTeX Font Info:    ... okay on input line 7.
LaTeX Font Info:    Checking defaults for U/cmr/m/n on input line 7.
LaTeX Font Info:    ... okay on input line 7.
 [1

{C:/ProgramData/MiKTeX/2.9/pdftex/config/pdftex.map}]
("C:\Users\Yo elijo mi pc\Documents\GitHub\LaTeX\Tarea1Ayudantia\agil.tex"
Underfull \hbox (badness 10000) in paragraph at lines 8--9

 []


Underfull \hbox (badness 10000) in paragraph at lines 12--14

 []

) [2

] ("C:\Users\Yo elijo mi pc\Documents\GitHub\LaTeX\Tarea1Ayudantia\tarea.tex" [
3


]) [4]
("C:\Users\Yo elijo mi pc\Documents\GitHub\LaTeX\Tarea1Ayudantia\CuadroComparat
ivo.tex"
LaTeX Font Info:    External font `cmex10' loaded for size
(Font)              <7> on input line 6.
LaTeX Font Info:    External font `cmex10' loaded for size
(Font)              <5> on input line 6.

Overfull \hbox (20.43304pt too wide) in paragraph at lines 6--25
 [][] 
 []

) [5


]
("C:\Users\Yo elijo mi pc\Documents\GitHub\LaTeX\Tarea1Ayudantia\tareaayudantia
.aux" ("C:\Users\Yo elijo mi pc\Documents\GitHub\LaTeX\Tarea1Ayudantia\agil.aux
") ("C:\Users\Yo elijo mi pc\Documents\GitHub\LaTeX\Tarea1Ayudantia\tarea.aux")

("C:\Users\Yo elijo mi pc\Documents\GitHub\LaTeX\Tarea1Ayudantia\CuadroComparat
ivo.aux")) ) 
Here is how much of TeX's memory you used:
 1125 strings out of 493921
 14185 string characters out of 3147254
 71106 words of memory out of 3000000
 4455 multiletter control sequences out of 15000+200000
 6718 words of font info for 18 fonts, out of 3000000 for 9000
 841 hyphenation exceptions out of 8191
 24i,9n,27p,483b,213s stack positions out of 5000i,500n,10000p,200000b,50000s
 <C:\Users\Yo elijo mi pc\AppData\Local\MiKTeX\2.9\fonts\pk\ljfour\
jknappen\ec\dpi600\ecbx1440.pk> <C:\Users\Yo elijo mi pc\AppData\Local\MiKTeX\2
.9\fonts\pk\ljfour\jknappen\ec\dpi600\ecrm1000.pk> <C:\Users\Yo elijo mi pc\App
Data\Local\MiKTeX\2.9\fonts\pk\ljfour\jknappen\ec\dpi600\ecrm2074.pk>
Output written on tareaayudantia.pdf (5 pages, 49884 bytes).
PDF statistics:
 146 PDF objects out of 1000 (max. 8388607)
 0 named destinations out of 1000 (max. 500000)
 1 words of extra memory for PDF output out of 10000 (max. 10000000)

